Z:\IMAGRV\OSG\OSG_TP1\OSG_TP1\DEBUG\TP_OSG.OBJ
Z:\IMAGRV\OSG\OSG_TP1\OSG_TP1\DEBUG\VC110.PDB
Z:\IMAGRV\OSG\OSG_TP1\DEBUG\OSG_TP1.ILK
Z:\IMAGRV\OSG\OSG_TP1\DEBUG\OSG_TP1.EXE
Z:\IMAGRV\OSG\OSG_TP1\DEBUG\OSG_TP1.PDB
Z:\IMAGRV\OSG\OSG_TP1\OSG_TP1\Debug\TP_OSG.obj
Z:\IMAGRV\OSG\OSG_TP1\OSG_TP1\Debug\cl.command.1.tlog
Z:\IMAGRV\OSG\OSG_TP1\OSG_TP1\Debug\CL.read.1.tlog
Z:\IMAGRV\OSG\OSG_TP1\OSG_TP1\Debug\CL.write.1.tlog
Z:\IMAGRV\OSG\OSG_TP1\OSG_TP1\Debug\link-cvtres.read.1.tlog
Z:\IMAGRV\OSG\OSG_TP1\OSG_TP1\Debug\link-cvtres.write.1.tlog
Z:\IMAGRV\OSG\OSG_TP1\OSG_TP1\Debug\link-rc.read.1.tlog
Z:\IMAGRV\OSG\OSG_TP1\OSG_TP1\Debug\link-rc.write.1.tlog
Z:\IMAGRV\OSG\OSG_TP1\OSG_TP1\Debug\link.6872-cvtres.read.1.tlog
Z:\IMAGRV\OSG\OSG_TP1\OSG_TP1\Debug\link.6872-cvtres.write.1.tlog
Z:\IMAGRV\OSG\OSG_TP1\OSG_TP1\Debug\link.6872-rc.read.1.tlog
Z:\IMAGRV\OSG\OSG_TP1\OSG_TP1\Debug\link.6872-rc.write.1.tlog
Z:\IMAGRV\OSG\OSG_TP1\OSG_TP1\Debug\link.6872.read.1.tlog
Z:\IMAGRV\OSG\OSG_TP1\OSG_TP1\Debug\link.6872.write.1.tlog
Z:\IMAGRV\OSG\OSG_TP1\OSG_TP1\Debug\link.command.1.tlog
Z:\IMAGRV\OSG\OSG_TP1\OSG_TP1\Debug\link.read.1.tlog
Z:\IMAGRV\OSG\OSG_TP1\OSG_TP1\Debug\link.write.1.tlog
Z:\IMAGRV\OSG\OSG_TP1\OSG_TP1\Debug\vc110.idb
Z:\IMAGRV\OSG\OSG_TP1\OSG_TP1\Debug\vc110.pdb
Z:\IMAGRV\OSG\OSG_TP1\Debug\OSG_TP1.pdb
Z:\IMAGRV\OSG\OSG_TP1\Debug\OSG_TP1.exe
Z:\IMAGRV\OSG\OSG_TP1\Debug\OSG_TP1.ilk
